<?xml version="1.0" encoding="UTF-8"?>
<!-- Generated by org.testng.reporters.JUnitReportReporter -->
<testsuite hostname="LAPTOP-4PL5PKRP" failures="0" tests="2" name="singleResponsible.sample" time="31.854" errors="0" timestamp="23 Sep 2023 14:25:29 GMT" skipped="0">
  <testcase classname="singleResponsible.sample" name="playWorkFlow" time="18.594"/>
  <testcase classname="singleResponsible.sample" name="playWorkFlow" time="13.260"/>
</testsuite> <!-- singleResponsible.sample -->
