<?xml version="1.0" encoding="UTF-8"?>
<!-- Generated by org.testng.reporters.JUnitReportReporter -->
<testsuite hostname="LAPTOP-4PL5PKRP" failures="0" tests="3" name="factory.GoogleSearchTest" time="39.358" errors="0" timestamp="25 Sep 2023 12:28:42 GMT" skipped="0">
  <testcase classname="factory.GoogleSearchTest" name="searchTest" time="11.382"/>
  <testcase classname="factory.GoogleSearchTest" name="searchTest" time="12.814"/>
  <testcase classname="factory.GoogleSearchTest" name="searchTest" time="15.162"/>
</testsuite> <!-- factory.GoogleSearchTest -->
